<?xml version="1.0" encoding="UTF-8"?>
<testng-results ignored="0" total="1" passed="1" failed="0" skipped="0">
  <reporter-output>
  </reporter-output>
  <suite started-at="2023-08-03T11:34:59 IST" name="Default suite" finished-at="2023-08-03T11:35:01 IST" duration-ms="1884">
    <groups>
    </groups>
    <test started-at="2023-08-03T11:34:59 IST" name="Default test" finished-at="2023-08-03T11:35:01 IST" duration-ms="1884">
      <class name="File.DynamicJson">
        <test-method signature="getBookData()[pri:0, instance:File.DynamicJson@6a03bcb1]" started-at="2023-08-03T11:34:59 IST" name="getBookData" finished-at="2023-08-03T11:35:01 IST" duration-ms="1830" status="PASS">
          <reporter-output>
          </reporter-output>
        </test-method> <!-- getBookData -->
      </class> <!-- File.DynamicJson -->
    </test> <!-- Default test -->
  </suite> <!-- Default suite -->
</testng-results>
